<?xml version="1.0" encoding="UTF-8"?>
<!-- Generated by org.testng.reporters.JUnitReportReporter -->
<testsuite hostname="DESKTOP-PDKOP6A" failures="0" tests="1" name="mobileBrowser.LaunchApplication" time="0.207" errors="1" timestamp="2023-03-14T16:34:03 IST" skipped="0">
  <testcase classname="mobileBrowser.LaunchApplication" name="lauch" time="0.207">
    <error message="An unknown server-side error occurred while processing the command. Original error: Error attempting to start URI. Original error: Error: Starting: Intent { act=android.intent.action.VIEW dat=https://www.facebook.com/... pkg=com.androidsample.generalstore }
Error: Activity not started, unable to resolve Intent { act=android.intent.action.VIEW dat=https://www.facebook.com/... flg=0x10000000 pkg=com.androidsample.generalstore }
Build info: version: &#039;4.8.0&#039;, revision: &#039;267030adea&#039;
System info: os.name: &#039;Windows 10&#039;, os.arch: &#039;amd64&#039;, os.version: &#039;10.0&#039;, java.version: &#039;11.0.17&#039;
Driver info: io.appium.java_client.android.AndroidDriver
Command: [5dfcbb76-c7c3-4f66-b1af-122c254ef9af, get {url=https://www.facebook.com}]
Capabilities {appium:appActivity: .SplashActivity, appium:appPackage: com.androidsample.generalstore, appium:automationName: uiautomator2, appium:databaseEnabled: false, appium:desired: {appActivity: .SplashActivity, appPackage: com.androidsample.generalstore, automationName: uiautomator2, deviceName: Redmi Note 9, platformName: android, udid: 058875050405}, appium:deviceApiLevel: 29, appium:deviceManufacturer: Xiaomi, appium:deviceModel: M2003J15SC, appium:deviceName: 058875050405, appium:deviceScreenDensity: 440, appium:deviceScreenSize: 1080x2340, appium:deviceUDID: 058875050405, appium:javascriptEnabled: true, appium:locationContextEnabled: false, appium:networkConnectionEnabled: true, appium:pixelRatio: 2.75, appium:platformVersion: 10, appium:statBarHeight: 100, appium:takesScreenshot: true, appium:udid: 058875050405, appium:viewportRect: {height: 2010, left: 0, top: 100, width: 1080}, appium:warnings: {}, appium:webStorageEnabled: false, platformName: ANDROID}
Session ID: 5dfcbb76-c7c3-4f66-b1af-122c254ef9af" type="org.openqa.selenium.WebDriverException">
      <![CDATA[org.openqa.selenium.WebDriverException: An unknown server-side error occurred while processing the command. Original error: Error attempting to start URI. Original error: Error: Starting: Intent { act=android.intent.action.VIEW dat=https://www.facebook.com/... pkg=com.androidsample.generalstore }
Error: Activity not started, unable to resolve Intent { act=android.intent.action.VIEW dat=https://www.facebook.com/... flg=0x10000000 pkg=com.androidsample.generalstore }
Build info: version: '4.8.0', revision: '267030adea'
System info: os.name: 'Windows 10', os.arch: 'amd64', os.version: '10.0', java.version: '11.0.17'
Driver info: io.appium.java_client.android.AndroidDriver
Command: [5dfcbb76-c7c3-4f66-b1af-122c254ef9af, get {url=https://www.facebook.com}]
Capabilities {appium:appActivity: .SplashActivity, appium:appPackage: com.androidsample.generalstore, appium:automationName: uiautomator2, appium:databaseEnabled: false, appium:desired: {appActivity: .SplashActivity, appPackage: com.androidsample.generalstore, automationName: uiautomator2, deviceName: Redmi Note 9, platformName: android, udid: 058875050405}, appium:deviceApiLevel: 29, appium:deviceManufacturer: Xiaomi, appium:deviceModel: M2003J15SC, appium:deviceName: 058875050405, appium:deviceScreenDensity: 440, appium:deviceScreenSize: 1080x2340, appium:deviceUDID: 058875050405, appium:javascriptEnabled: true, appium:locationContextEnabled: false, appium:networkConnectionEnabled: true, appium:pixelRatio: 2.75, appium:platformVersion: 10, appium:statBarHeight: 100, appium:takesScreenshot: true, appium:udid: 058875050405, appium:viewportRect: {height: 2010, left: 0, top: 100, width: 1080}, appium:warnings: {}, appium:webStorageEnabled: false, platformName: ANDROID}
Session ID: 5dfcbb76-c7c3-4f66-b1af-122c254ef9af
at java.base/jdk.internal.reflect.NativeConstructorAccessorImpl.newInstance0(Native Method)
at java.base/jdk.internal.reflect.NativeConstructorAccessorImpl.newInstance(NativeConstructorAccessorImpl.java:62)
at java.base/jdk.internal.reflect.DelegatingConstructorAccessorImpl.newInstance(DelegatingConstructorAccessorImpl.java:45)
at java.base/java.lang.reflect.Constructor.newInstance(Constructor.java:490)
at org.openqa.selenium.remote.codec.w3c.W3CHttpResponseCodec.createException(W3CHttpResponseCodec.java:200)
at org.openqa.selenium.remote.codec.w3c.W3CHttpResponseCodec.decode(W3CHttpResponseCodec.java:133)
at org.openqa.selenium.remote.codec.w3c.W3CHttpResponseCodec.decode(W3CHttpResponseCodec.java:53)
at org.openqa.selenium.remote.HttpCommandExecutor.execute(HttpCommandExecutor.java:184)
at io.appium.java_client.remote.AppiumCommandExecutor.execute(AppiumCommandExecutor.java:262)
at org.openqa.selenium.remote.RemoteWebDriver.execute(RemoteWebDriver.java:543)
at org.openqa.selenium.remote.RemoteWebDriver.get(RemoteWebDriver.java:297)
at mobileBrowser.LaunchApplication.lauch(LaunchApplication.java:12)
at java.base/jdk.internal.reflect.NativeMethodAccessorImpl.invoke0(Native Method)
at java.base/jdk.internal.reflect.NativeMethodAccessorImpl.invoke(NativeMethodAccessorImpl.java:62)
at java.base/jdk.internal.reflect.DelegatingMethodAccessorImpl.invoke(DelegatingMethodAccessorImpl.java:43)
at java.base/java.lang.reflect.Method.invoke(Method.java:566)
at org.testng.internal.invokers.MethodInvocationHelper.invokeMethod(MethodInvocationHelper.java:139)
at org.testng.internal.invokers.TestInvoker.invokeMethod(TestInvoker.java:677)
at org.testng.internal.invokers.TestInvoker.invokeTestMethod(TestInvoker.java:221)
at org.testng.internal.invokers.MethodRunner.runInSequence(MethodRunner.java:50)
at org.testng.internal.invokers.TestInvoker$MethodInvocationAgent.invoke(TestInvoker.java:969)
at org.testng.internal.invokers.TestInvoker.invokeTestMethods(TestInvoker.java:194)
at org.testng.internal.invokers.TestMethodWorker.invokeTestMethods(TestMethodWorker.java:148)
at org.testng.internal.invokers.TestMethodWorker.run(TestMethodWorker.java:128)
at java.base/java.util.ArrayList.forEach(ArrayList.java:1541)
at org.testng.TestRunner.privateRun(TestRunner.java:829)
at org.testng.TestRunner.run(TestRunner.java:602)
at org.testng.SuiteRunner.runTest(SuiteRunner.java:437)
at org.testng.SuiteRunner.runSequentially(SuiteRunner.java:431)
at org.testng.SuiteRunner.privateRun(SuiteRunner.java:391)
at org.testng.SuiteRunner.run(SuiteRunner.java:330)
at org.testng.SuiteRunnerWorker.runSuite(SuiteRunnerWorker.java:52)
at org.testng.SuiteRunnerWorker.run(SuiteRunnerWorker.java:95)
at org.testng.TestNG.runSuitesSequentially(TestNG.java:1256)
at org.testng.TestNG.runSuitesLocally(TestNG.java:1176)
at org.testng.TestNG.runSuites(TestNG.java:1099)
at org.testng.TestNG.run(TestNG.java:1067)
at org.testng.remote.AbstractRemoteTestNG.run(AbstractRemoteTestNG.java:115)
at org.testng.remote.RemoteTestNG.initAndRun(RemoteTestNG.java:251)
at org.testng.remote.RemoteTestNG.main(RemoteTestNG.java:77)
]]>
    </error>
  </testcase> <!-- lauch -->
  <system-out/>
</testsuite> <!-- mobileBrowser.LaunchApplication -->
