<?xml version="1.0" encoding="UTF-8"?>
<!-- Generated by org.testng.reporters.JUnitReportReporter -->
<testsuite hostname="DESKTOP-PDKOP6A" failures="0" tests="1" name="practise.LaunchDemo" time="24.833" errors="0" timestamp="2023-01-30T11:13:11 IST" skipped="0">
  <testcase classname="practise.LaunchDemo" name="launch" time="24.833"/>
  <system-out/>
</testsuite> <!-- practise.LaunchDemo -->
