<?xml version="1.0" encoding="UTF-8"?>
<!-- Generated by org.testng.reporters.JUnitReportReporter -->
<testsuite hostname="DESKTOP-PDKOP6A" failures="0" tests="1" name="generalstores.ToastMsgs" time="9.787" errors="0" timestamp="2023-03-10T16:05:50 IST" skipped="0">
  <testcase classname="generalstores.ToastMsgs" name="toats" time="9.787"/>
  <system-out/>
</testsuite> <!-- generalstores.ToastMsgs -->
