<?xml version="1.0" encoding="UTF-8"?>
<!-- Generated by org.testng.reporters.JUnitReportReporter -->
<testsuite hostname="DESKTOP-PDKOP6A" failures="0" tests="1" name="practise.StartServer1" time="16.251" errors="0" timestamp="2023-03-14T16:38:36 IST" skipped="0">
  <testcase classname="practise.StartServer1" name="startServ" time="16.251"/>
  <system-out/>
</testsuite> <!-- practise.StartServer1 -->
