<?xml version="1.0" encoding="UTF-8"?>
<!-- Generated by org.testng.reporters.JUnitReportReporter -->
<testsuite hostname="DESKTOP-PDKOP6A" failures="0" tests="1" name="practise.Animations" time="19.888" errors="0" timestamp="2023-01-30T13:13:56 IST" skipped="0">
  <testcase classname="practise.Animations" name="animate" time="19.888"/>
  <system-out/>
</testsuite> <!-- practise.Animations -->
