<?xml version="1.0" encoding="UTF-8"?>
<!-- Generated by org.testng.reporters.JUnitReportReporter -->
<testsuite hostname="DESKTOP-PDKOP6A" failures="0" tests="1" name="driverActions.DriverActions" time="19.220" errors="0" timestamp="2023-02-01T12:35:56 IST" skipped="0">
  <testcase classname="driverActions.DriverActions" name="actions" time="19.220"/>
  <system-out/>
</testsuite> <!-- driverActions.DriverActions -->
